::1 - - [20/Jan/2021:16:55:16 +0000] "GET /api/v1/cars HTTP/1.1" 500 70 "-" "PostmanRuntime/7.26.8"
::1 - - [20/Jan/2021:16:55:34 +0000] "GET /api/v1/cars HTTP/1.1" 500 70 "-" "PostmanRuntime/7.26.8"
::1 - - [20/Jan/2021:16:55:34 +0000] "GET /api/v1/cars HTTP/1.1" 500 70 "-" "PostmanRuntime/7.26.8"
::1 - - [20/Jan/2021:16:56:08 +0000] "GET /api/v1/cars HTTP/1.1" 500 70 "-" "PostmanRuntime/7.26.8"
::1 - - [20/Jan/2021:16:58:15 +0000] "GET /api/v1/cars HTTP/1.1" 200 479 "-" "PostmanRuntime/7.26.8"
::1 - - [20/Jan/2021:16:59:14 +0000] "GET /api/v1/cars HTTP/1.1" 200 479 "-" "PostmanRuntime/7.26.8"
::1 - - [20/Jan/2021:16:59:14 +0000] "GET /api/v1/cars HTTP/1.1" 200 479 "-" "PostmanRuntime/7.26.8"
::1 - - [20/Jan/2021:16:59:18 +0000] "GET /api/v1/cars/18 HTTP/1.1" 200 52 "-" "PostmanRuntime/7.26.8"
::1 - - [20/Jan/2021:16:59:26 +0000] "POST /api/v1/users/register HTTP/1.1" 201 60 "-" "PostmanRuntime/7.26.8"
::1 - - [20/Jan/2021:17:00:00 +0000] "POST /api/v1/users/register HTTP/1.1" 201 60 "-" "PostmanRuntime/7.26.8"
::1 - - [20/Jan/2021:17:00:12 +0000] "POST /api/v1/cars/ HTTP/1.1" 201 55 "-" "PostmanRuntime/7.26.8"
::1 - - [20/Jan/2021:17:00:14 +0000] "GET /api/v1/cars HTTP/1.1" 200 535 "-" "PostmanRuntime/7.26.8"
::1 - - [20/Jan/2021:17:18:47 +0000] "GET /api/v1/cars HTTP/1.1" 200 535 "-" "PostmanRuntime/7.26.8"
::1 - - [20/Jan/2021:17:20:46 +0000] "GET /api/v1/cars HTTP/1.1" 200 535 "-" "PostmanRuntime/7.26.8"
::1 - - [20/Jan/2021:17:20:50 +0000] "GET /api/v1/cars/18 HTTP/1.1" 200 52 "-" "PostmanRuntime/7.26.8"
::1 - - [20/Jan/2021:17:20:51 +0000] "GET /api/v1/cars/18 HTTP/1.1" 200 52 "-" "PostmanRuntime/7.26.8"
::1 - - [20/Jan/2021:17:20:57 +0000] "GET /api/v1/cars/25 HTTP/1.1" 200 51 "-" "PostmanRuntime/7.26.8"
::1 - - [20/Jan/2021:17:24:22 +0000] "POST /api/v1/users/register HTTP/1.1" 201 60 "-" "PostmanRuntime/7.26.8"
::1 - - [20/Jan/2021:17:25:47 +0000] "POST /api/v1/users/register HTTP/1.1" 201 60 "-" "PostmanRuntime/7.26.8"
::1 - - [20/Jan/2021:17:25:48 +0000] "POST /api/v1/users/register HTTP/1.1" 201 60 "-" "PostmanRuntime/7.26.8"
::1 - - [20/Jan/2021:17:29:04 +0000] "POST /api/v1/users/register HTTP/1.1" 201 60 "-" "PostmanRuntime/7.26.8"
::1 - - [20/Jan/2021:17:43:12 +0000] "POST /api/v1/users/register HTTP/1.1" 500 238 "-" "PostmanRuntime/7.26.8"
::1 - - [20/Jan/2021:17:43:44 +0000] "POST /api/v1/users/register HTTP/1.1" 500 238 "-" "PostmanRuntime/7.26.8"
::1 - - [20/Jan/2021:17:47:02 +0000] "POST /api/v1/users/register HTTP/1.1" 500 238 "-" "PostmanRuntime/7.26.8"
::1 - - [20/Jan/2021:17:48:07 +0000] "POST /api/v1/users/register HTTP/1.1" 500 238 "-" "PostmanRuntime/7.26.8"
::1 - - [20/Jan/2021:17:48:45 +0000] "POST /api/v1/users/register HTTP/1.1" 201 60 "-" "PostmanRuntime/7.26.8"
::1 - - [20/Jan/2021:17:51:44 +0000] "POST /api/v1/users/register HTTP/1.1" 500 67 "-" "PostmanRuntime/7.26.8"
::1 - - [20/Jan/2021:17:51:52 +0000] "POST /api/v1/users/register HTTP/1.1" 201 60 "-" "PostmanRuntime/7.26.8"
::1 - - [20/Jan/2021:18:08:07 +0000] "POST /api/v1/users/register HTTP/1.1" 500 201 "-" "PostmanRuntime/7.26.8"
::1 - - [20/Jan/2021:18:08:34 +0000] "POST /api/v1/users/register HTTP/1.1" 500 201 "-" "PostmanRuntime/7.26.8"
::1 - - [20/Jan/2021:18:08:36 +0000] "POST /api/v1/users/register HTTP/1.1" 500 203 "-" "PostmanRuntime/7.26.8"
::1 - - [20/Jan/2021:18:09:07 +0000] "POST /api/v1/users/register HTTP/1.1" 201 60 "-" "PostmanRuntime/7.26.8"
::1 - - [20/Jan/2021:18:09:09 +0000] "POST /api/v1/users/register HTTP/1.1" 409 46 "-" "PostmanRuntime/7.26.8"
::1 - - [20/Jan/2021:18:09:31 +0000] "POST /api/v1/users/register HTTP/1.1" 409 46 "-" "PostmanRuntime/7.26.8"
::1 - - [20/Jan/2021:18:12:03 +0000] "POST /api/v1/users/register HTTP/1.1" 201 60 "-" "PostmanRuntime/7.26.8"
::1 - - [20/Jan/2021:18:14:20 +0000] "POST /api/v1/users/register HTTP/1.1" 500 33 "-" "PostmanRuntime/7.26.8"
::1 - - [20/Jan/2021:18:14:36 +0000] "POST /api/v1/users/register HTTP/1.1" 409 46 "-" "PostmanRuntime/7.26.8"
::1 - - [20/Jan/2021:18:14:43 +0000] "POST /api/v1/users/register HTTP/1.1" 500 29 "-" "PostmanRuntime/7.26.8"
::1 - - [20/Jan/2021:18:15:59 +0000] "POST /api/v1/users/register HTTP/1.1" 409 46 "-" "PostmanRuntime/7.26.8"
::1 - - [20/Jan/2021:18:16:06 +0000] "POST /api/v1/users/register HTTP/1.1" 201 70 "-" "PostmanRuntime/7.26.8"
::1 - - [20/Jan/2021:18:41:03 +0000] "POST /api/v1/users/login HTTP/1.1" 404 158 "-" "PostmanRuntime/7.26.8"
::1 - - [20/Jan/2021:20:07:09 +0000] "POST /api/v1/users/login HTTP/1.1" - - "-" "PostmanRuntime/7.26.8"
::1 - - [20/Jan/2021:20:07:53 +0000] "POST /api/v1/users/register HTTP/1.1" 201 67 "-" "PostmanRuntime/7.26.8"
::1 - - [20/Jan/2021:20:08:46 +0000] "POST /api/v1/users/login HTTP/1.1" - - "-" "PostmanRuntime/7.26.8"
::1 - - [20/Jan/2021:20:08:56 +0000] "GET /api/v1/users/login HTTP/1.1" 404 157 "-" "PostmanRuntime/7.26.8"
::1 - - [20/Jan/2021:20:11:14 +0000] "POST /api/v1/users/login HTTP/1.1" - - "-" "PostmanRuntime/7.26.8"
::1 - - [20/Jan/2021:20:11:54 +0000] "POST /api/v1/users/register HTTP/1.1" 201 70 "-" "PostmanRuntime/7.26.8"
::1 - - [20/Jan/2021:20:12:06 +0000] "POST /api/v1/users/login HTTP/1.1" - - "-" "PostmanRuntime/7.26.8"
::1 - - [20/Jan/2021:20:14:16 +0000] "POST /api/v1/users/login HTTP/1.1" - - "-" "PostmanRuntime/7.26.8"
::1 - - [20/Jan/2021:20:18:18 +0000] "POST /api/v1/users/login HTTP/1.1" - - "-" "PostmanRuntime/7.26.8"
::1 - - [20/Jan/2021:20:18:57 +0000] "POST /api/v1/users/login HTTP/1.1" - - "-" "PostmanRuntime/7.26.8"
::1 - - [20/Jan/2021:20:19:03 +0000] "POST /api/v1/users/login HTTP/1.1" - - "-" "PostmanRuntime/7.26.8"
::1 - - [20/Jan/2021:20:20:40 +0000] "POST /api/v1/users/login HTTP/1.1" - - "-" "PostmanRuntime/7.26.8"
::1 - - [20/Jan/2021:20:21:57 +0000] "POST /api/v1/users/register HTTP/1.1" 201 71 "-" "PostmanRuntime/7.26.8"
::1 - - [20/Jan/2021:20:25:13 +0000] "POST /api/v1/users/login HTTP/1.1" - - "-" "PostmanRuntime/7.26.8"
::1 - - [20/Jan/2021:20:27:42 +0000] "POST /api/v1/users/login HTTP/1.1" - - "-" "PostmanRuntime/7.26.8"
::1 - - [20/Jan/2021:20:28:54 +0000] "POST /api/v1/users/login HTTP/1.1" - - "-" "PostmanRuntime/7.26.8"
::1 - - [20/Jan/2021:20:35:13 +0000] "POST /api/v1/users/login HTTP/1.1" 500 43 "-" "PostmanRuntime/7.26.8"
::1 - - [20/Jan/2021:20:35:49 +0000] "POST /api/v1/users/register HTTP/1.1" 201 72 "-" "PostmanRuntime/7.26.8"
::1 - - [20/Jan/2021:20:35:56 +0000] "POST /api/v1/users/login HTTP/1.1" 500 43 "-" "PostmanRuntime/7.26.8"
::1 - - [20/Jan/2021:20:59:45 +0000] "POST /api/v1/users/register HTTP/1.1" 201 70 "-" "PostmanRuntime/7.26.8"
::1 - - [20/Jan/2021:20:59:57 +0000] "POST /api/v1/users/login HTTP/1.1" 200 216 "-" "PostmanRuntime/7.26.8"
::1 - - [21/Jan/2021:17:09:48 +0000] "POST /api/v1/users/login HTTP/1.1" 200 216 "-" "PostmanRuntime/7.26.8"
::1 - - [21/Jan/2021:17:41:25 +0000] "POST /api/v1/users/login HTTP/1.1" 200 216 "-" "PostmanRuntime/7.26.8"
::1 - - [21/Jan/2021:17:41:36 +0000] "GET /api/v1/cars HTTP/1.1" 200 535 "-" "PostmanRuntime/7.26.8"
::1 - - [21/Jan/2021:17:46:51 +0000] "POST /api/v1/users/login HTTP/1.1" 200 216 "-" "PostmanRuntime/7.26.8"
::1 - - [21/Jan/2021:17:47:19 +0000] "GET /api/v1/cars HTTP/1.1" 200 535 "-" "PostmanRuntime/7.26.8"
::1 - - [21/Jan/2021:17:47:25 +0000] "GET /api/v1/cars HTTP/1.1" 200 535 "-" "PostmanRuntime/7.26.8"
::1 - - [21/Jan/2021:17:49:30 +0000] "GET /api/v1/cars HTTP/1.1" 200 535 "-" "PostmanRuntime/7.26.8"
::1 - - [21/Jan/2021:17:49:35 +0000] "POST /api/v1/users/login HTTP/1.1" 200 216 "-" "PostmanRuntime/7.26.8"
::1 - - [21/Jan/2021:17:49:39 +0000] "GET /api/v1/cars HTTP/1.1" 200 535 "-" "PostmanRuntime/7.26.8"
::1 - - [21/Jan/2021:17:52:22 +0000] "GET /api/v1/cars/25 HTTP/1.1" 200 51 "-" "PostmanRuntime/7.26.8"
::1 - - [21/Jan/2021:17:57:16 +0000] "GET /api/v1/cars HTTP/1.1" 200 535 "-" "PostmanRuntime/7.26.8"
::1 - - [21/Jan/2021:17:57:56 +0000] "GET /api/v1/cars HTTP/1.1" 200 535 "-" "PostmanRuntime/7.26.8"
::1 - - [21/Jan/2021:18:06:20 +0000] "GET /api/v1/cars HTTP/1.1" 401 1620 "-" "PostmanRuntime/7.26.8"
::1 - - [21/Jan/2021:18:06:42 +0000] "GET /api/v1/cars HTTP/1.1" 401 11 "-" "PostmanRuntime/7.26.8"
::1 - - [21/Jan/2021:18:08:30 +0000] "POST /api/v1/users/login HTTP/1.1" 200 216 "-" "PostmanRuntime/7.26.8"
::1 - - [21/Jan/2021:18:08:32 +0000] "GET /api/v1/cars HTTP/1.1" 200 535 "-" "PostmanRuntime/7.26.8"
::1 - - [21/Jan/2021:18:20:22 +0000] "GET /api/v1/cars HTTP/1.1" 401 11 "-" "PostmanRuntime/7.26.8"
::1 - - [21/Jan/2021:18:20:25 +0000] "POST /api/v1/users/login HTTP/1.1" 200 252 "-" "PostmanRuntime/7.26.8"
::1 - - [21/Jan/2021:18:20:28 +0000] "GET /api/v1/cars HTTP/1.1" 200 535 "-" "PostmanRuntime/7.26.8"
::1 - - [21/Jan/2021:18:23:55 +0000] "GET /api/v1/cars HTTP/1.1" 401 11 "-" "PostmanRuntime/7.26.8"
::1 - - [21/Jan/2021:18:23:58 +0000] "POST /api/v1/users/login HTTP/1.1" 200 252 "-" "PostmanRuntime/7.26.8"
::1 - - [21/Jan/2021:18:24:00 +0000] "GET /api/v1/cars HTTP/1.1" 401 23 "-" "PostmanRuntime/7.26.8"
::1 - - [21/Jan/2021:18:24:18 +0000] "POST /api/v1/users/login HTTP/1.1" 200 252 "-" "PostmanRuntime/7.26.8"
::1 - - [21/Jan/2021:18:24:20 +0000] "GET /api/v1/cars HTTP/1.1" 401 23 "-" "PostmanRuntime/7.26.8"
::1 - - [21/Jan/2021:18:24:52 +0000] "GET /api/v1/cars HTTP/1.1" 200 535 "-" "PostmanRuntime/7.26.8"
::1 - - [21/Jan/2021:18:41:32 +0000] "POST /api/v1/users/login HTTP/1.1" 200 252 "-" "PostmanRuntime/7.26.8"
::1 - - [21/Jan/2021:18:41:35 +0000] "GET /api/v1/cars HTTP/1.1" 200 535 "-" "PostmanRuntime/7.26.8"
::1 - - [21/Jan/2021:19:32:16 +0000] "POST /api/v1/users/register HTTP/1.1" 201 72 "-" "PostmanRuntime/7.26.8"
::1 - - [21/Jan/2021:19:47:34 +0000] "POST /api/v1/users/register HTTP/1.1" 409 46 "-" "PostmanRuntime/7.26.8"
::1 - - [21/Jan/2021:19:47:58 +0000] "POST /api/v1/users/register HTTP/1.1" 201 79 "-" "PostmanRuntime/7.26.8"
::1 - - [22/Jan/2021:16:34:50 +0000] "GET /api/v1/cars HTTP/1.1" 401 11 "-" "PostmanRuntime/7.26.8"
::1 - - [22/Jan/2021:16:34:56 +0000] "POST /api/v1/users/login HTTP/1.1" 200 252 "-" "PostmanRuntime/7.26.8"
::1 - - [22/Jan/2021:16:34:58 +0000] "GET /api/v1/cars HTTP/1.1" 200 535 "-" "PostmanRuntime/7.26.8"
::1 - - [22/Jan/2021:18:00:23 +0000] "POST /api/v1/users/register HTTP/1.1" 500 51 "-" "PostmanRuntime/7.26.8"
::1 - - [22/Jan/2021:18:01:56 +0000] "POST /api/v1/users/register HTTP/1.1" 409 46 "-" "PostmanRuntime/7.26.8"
::1 - - [22/Jan/2021:18:02:02 +0000] "POST /api/v1/users/register HTTP/1.1" 201 71 "-" "PostmanRuntime/7.26.8"
::1 - - [22/Jan/2021:18:05:04 +0000] "POST /api/v1/users/register HTTP/1.1" 201 79 "-" "PostmanRuntime/7.26.8"
::1 - - [22/Jan/2021:18:05:17 +0000] "GET /api/v1/users/activation?verification_code=4b3548aac3c5ca30e6d8d668b04127e727946e76a08f92d657dc0dd901f0d5a9 HTTP/1.1" 404 162 "http://www.yopmail.com/" "Mozilla/5.0 (X11; Linux x86_64) AppleWebKit/537.36 (KHTML, like Gecko) Chrome/88.0.4324.96 Safari/537.36"
::1 - - [22/Jan/2021:18:10:23 +0000] "POST /api/v1/users/login HTTP/1.1" 200 252 "-" "PostmanRuntime/7.26.8"
::1 - - [22/Jan/2021:18:10:26 +0000] "GET /api/v1/cars HTTP/1.1" 200 535 "-" "PostmanRuntime/7.26.8"
::1 - - [22/Jan/2021:18:10:33 +0000] "GET /api/v1/cars/24 HTTP/1.1" 200 54 "-" "PostmanRuntime/7.26.8"
::1 - - [22/Jan/2021:18:20:21 +0000] "GET /api/v1/users/activation?verification_code=4b3548aac3c5ca30e6d8d668b04127e727946e76a08f92d657dc0dd901f0d5a9 HTTP/1.1" 404 162 "http://www.yopmail.com/" "Mozilla/5.0 (X11; Linux x86_64) AppleWebKit/537.36 (KHTML, like Gecko) Chrome/88.0.4324.96 Safari/537.36"
::1 - - [22/Jan/2021:18:41:50 +0000] "GET /api/v1/users/activation?verification_code=4b3548aac3c5ca30e6d8d668b04127e727946e76a08f92d657dc0dd901f0d5a9 HTTP/1.1" 404 162 "http://www.yopmail.com/" "Mozilla/5.0 (X11; Linux x86_64) AppleWebKit/537.36 (KHTML, like Gecko) Chrome/88.0.4324.96 Safari/537.36"
::1 - - [22/Jan/2021:19:17:06 +0000] "GET /api/v1/users/activation?verification_code=4b3548aac3c5ca30e6d8d668b04127e727946e76a08f92d657dc0dd901f0d5a9 HTTP/1.1" 200 17 "-" "PostmanRuntime/7.26.8"
::1 - - [22/Jan/2021:19:17:14 +0000] "GET /api/v1/users/activation?verification_code=4b3548aac3c5ca30e6d8d668b04127e727946e76a08f92d657dc0dd901f0d5a9 HTTP/1.1" 200 17 "http://www.yopmail.com/" "Mozilla/5.0 (X11; Linux x86_64) AppleWebKit/537.36 (KHTML, like Gecko) Chrome/88.0.4324.96 Safari/537.36"
::1 - - [22/Jan/2021:19:17:14 +0000] "GET /favicon.ico HTTP/1.1" 404 150 "http://localhost:3080/api/v1/users/activation?verification_code=4b3548aac3c5ca30e6d8d668b04127e727946e76a08f92d657dc0dd901f0d5a9" "Mozilla/5.0 (X11; Linux x86_64) AppleWebKit/537.36 (KHTML, like Gecko) Chrome/88.0.4324.96 Safari/537.36"
::1 - - [22/Jan/2021:19:18:04 +0000] "GET /api/v1/users/activation?verification_code=4b3548aac3c5ca30e6d8d668b04127e727946e76a08f92d657dc0dd901f0d5a9 HTTP/1.1" 304 - "http://www.yopmail.com/" "Mozilla/5.0 (X11; Linux x86_64) AppleWebKit/537.36 (KHTML, like Gecko) Chrome/88.0.4324.96 Safari/537.36"
::1 - - [22/Jan/2021:19:18:06 +0000] "GET /api/v1/users/activation?verification_code=4b3548aac3c5ca30e6d8d668b04127e727946e76a08f92d657dc0dd901f0d5a9 HTTP/1.1" 304 - "http://www.yopmail.com/" "Mozilla/5.0 (X11; Linux x86_64) AppleWebKit/537.36 (KHTML, like Gecko) Chrome/88.0.4324.96 Safari/537.36"
::1 - - [22/Jan/2021:19:18:08 +0000] "GET /api/v1/users/activation?verification_code=4b3548aac3c5ca30e6d8d668b04127e727946e76a08f92d657dc0dd901f0d5a9 HTTP/1.1" 304 - "-" "Mozilla/5.0 (X11; Linux x86_64) AppleWebKit/537.36 (KHTML, like Gecko) Chrome/88.0.4324.96 Safari/537.36"
::1 - - [22/Jan/2021:19:18:11 +0000] "GET /api/v1/users/activation?verification_code=4b3548aac3c5ca30e6d8d668b04127e727946e76a08f92d657dc0dd901f0d5a9 HTTP/1.1" 304 - "http://www.yopmail.com/" "Mozilla/5.0 (X11; Linux x86_64) AppleWebKit/537.36 (KHTML, like Gecko) Chrome/88.0.4324.96 Safari/537.36"
::1 - - [22/Jan/2021:19:21:46 +0000] "GET /api/v1/users/activation?verification_code=4b3548aac3c5ca30e6d8d668b04127e727946e76a08f92d657dc0dd901f0d5a9 HTTP/1.1" 500 31 "http://www.yopmail.com/" "Mozilla/5.0 (X11; Linux x86_64) AppleWebKit/537.36 (KHTML, like Gecko) Chrome/88.0.4324.96 Safari/537.36"
::1 - - [22/Jan/2021:19:21:56 +0000] "GET /api/v1/users/activation?verification_code=4b3548aac3c5ca30e6d8d668b04127e727946e76a08f92d657dc0dd901f0d5a9 HTTP/1.1" 500 31 "-" "PostmanRuntime/7.26.8"
::1 - - [22/Jan/2021:19:25:43 +0000] "GET /api/v1/users/activation?verification_code=4b3548aac3c5ca30e6d8d668b04127e727946e76a08f92d657dc0dd901f0d5a9 HTTP/1.1" 200 17 "http://www.yopmail.com/" "Mozilla/5.0 (X11; Linux x86_64) AppleWebKit/537.36 (KHTML, like Gecko) Chrome/88.0.4324.96 Safari/537.36"
::1 - - [22/Jan/2021:19:26:23 +0000] "GET /api/v1/users/activation?verification_code=4b3548aac3c5ca30e6d8d668b04127e727946e76a08f92d657dc0dd901f0d5a9 HTTP/1.1" 500 31 "http://www.yopmail.com/" "Mozilla/5.0 (X11; Linux x86_64) AppleWebKit/537.36 (KHTML, like Gecko) Chrome/88.0.4324.96 Safari/537.36"
::1 - - [22/Jan/2021:19:26:44 +0000] "GET /api/v1/users/activation?verification_code=4b3548aac3c5ca30e6d8d668b04127e727946e76a08f92d657dc0dd901f0d5a9 HTTP/1.1" 500 31 "-" "PostmanRuntime/7.26.8"
::1 - - [22/Jan/2021:19:31:55 +0000] "GET /api/v1/users/activation?verification_code=4b3548aac3c5ca30e6d8d668b04127e727946e76a08f92d657dc0dd901f0d5a9 HTTP/1.1" 500 31 "-" "PostmanRuntime/7.26.8"
::1 - - [22/Jan/2021:19:32:22 +0000] "GET /api/v1/users/activation?verification_code=4b3548aac3c5ca30e6d8d668b04127e727946e76a08f92d657dc0dd901f0d5a9 HTTP/1.1" 200 17 "-" "PostmanRuntime/7.26.8"
::1 - - [22/Jan/2021:19:33:16 +0000] "GET /api/v1/users/activation?verification_code=4b3548aac3c5ca30e6d8d668b04127e727946e76a08f92d657dc0dd901f0d5a9 HTTP/1.1" 200 17 "-" "PostmanRuntime/7.26.8"
::1 - - [22/Jan/2021:19:33:18 +0000] "GET /api/v1/users/activation?verification_code=4b3548aac3c5ca30e6d8d668b04127e727946e76a08f92d657dc0dd901f0d5a9 HTTP/1.1" 500 48 "-" "PostmanRuntime/7.26.8"
::1 - - [23/Jan/2021:08:50:55 +0000] "POST /api/v1/users/login HTTP/1.1" 200 252 "-" "PostmanRuntime/7.26.10"
::1 - - [23/Jan/2021:08:51:12 +0000] "GET /api/v1/cars HTTP/1.1" 200 535 "-" "PostmanRuntime/7.26.10"
::1 - - [23/Jan/2021:09:22:01 +0000] "POST /api/v1/users/login HTTP/1.1" 200 252 "-" "PostmanRuntime/7.26.10"
::1 - - [23/Jan/2021:09:22:04 +0000] "GET /api/v1/cars HTTP/1.1" 200 535 "-" "PostmanRuntime/7.26.10"
::1 - - [23/Jan/2021:09:22:25 +0000] "GET /api/v1/cars HTTP/1.1" 200 535 "-" "PostmanRuntime/7.26.10"
::1 - - [23/Jan/2021:09:29:07 +0000] "POST /api/v1/users/login HTTP/1.1" 200 252 "-" "PostmanRuntime/7.26.10"
::1 - - [23/Jan/2021:09:29:13 +0000] "GET /api/v1/cars HTTP/1.1" 200 535 "-" "PostmanRuntime/7.26.10"
::1 - - [23/Jan/2021:09:29:14 +0000] "GET /api/v1/cars HTTP/1.1" 200 535 "-" "PostmanRuntime/7.26.10"
::1 - - [23/Jan/2021:09:29:56 +0000] "GET /api/v1/cars HTTP/1.1" 200 535 "-" "PostmanRuntime/7.26.10"
::1 - - [23/Jan/2021:09:29:58 +0000] "GET /api/v1/cars HTTP/1.1" 200 535 "-" "PostmanRuntime/7.26.10"
::1 - - [23/Jan/2021:09:29:59 +0000] "GET /api/v1/cars HTTP/1.1" 200 535 "-" "PostmanRuntime/7.26.10"
::1 - - [23/Jan/2021:09:30:00 +0000] "GET /api/v1/cars HTTP/1.1" 200 535 "-" "PostmanRuntime/7.26.10"
::1 - - [23/Jan/2021:09:30:02 +0000] "GET /api/v1/cars HTTP/1.1" 200 535 "-" "PostmanRuntime/7.26.10"
::1 - - [23/Jan/2021:09:30:03 +0000] "GET /api/v1/cars HTTP/1.1" 200 535 "-" "PostmanRuntime/7.26.10"
::1 - - [23/Jan/2021:09:30:13 +0000] "GET /api/v1/cars HTTP/1.1" 200 535 "-" "PostmanRuntime/7.26.10"
::1 - - [23/Jan/2021:09:31:05 +0000] "GET /api/v1/cars HTTP/1.1" 200 535 "-" "PostmanRuntime/7.26.10"
::1 - - [23/Jan/2021:09:31:06 +0000] "GET /api/v1/cars HTTP/1.1" 200 535 "-" "PostmanRuntime/7.26.10"
::1 - - [23/Jan/2021:09:31:11 +0000] "GET /api/v1/cars HTTP/1.1" 200 535 "-" "PostmanRuntime/7.26.10"
::1 - - [23/Jan/2021:09:31:12 +0000] "GET /api/v1/cars HTTP/1.1" 200 535 "-" "PostmanRuntime/7.26.10"
::1 - - [23/Jan/2021:09:31:15 +0000] "GET /api/v1/cars HTTP/1.1" 200 535 "-" "PostmanRuntime/7.26.10"
::1 - - [23/Jan/2021:09:31:16 +0000] "GET /api/v1/cars HTTP/1.1" 200 535 "-" "PostmanRuntime/7.26.10"
::1 - - [23/Jan/2021:09:31:17 +0000] "GET /api/v1/cars HTTP/1.1" 200 535 "-" "PostmanRuntime/7.26.10"
::1 - - [23/Jan/2021:09:31:28 +0000] "GET /api/v1/cars HTTP/1.1" 200 535 "-" "PostmanRuntime/7.26.10"
::1 - - [23/Jan/2021:09:33:03 +0000] "GET /api/v1/users/logout HTTP/1.1" 404 158 "-" "PostmanRuntime/7.26.10"
::1 - - [23/Jan/2021:09:33:06 +0000] "GET /api/v1/cars HTTP/1.1" 200 535 "-" "PostmanRuntime/7.26.10"
::1 - - [23/Jan/2021:09:33:07 +0000] "GET /api/v1/cars HTTP/1.1" 200 535 "-" "PostmanRuntime/7.26.10"
::1 - - [23/Jan/2021:09:33:12 +0000] "GET /api/v1/users/logout HTTP/1.1" 404 158 "-" "PostmanRuntime/7.26.10"
::1 - - [23/Jan/2021:09:34:27 +0000] "GET /api/v1/users/logout HTTP/1.1" 404 158 "-" "PostmanRuntime/7.26.10"
::1 - - [23/Jan/2021:09:34:30 +0000] "GET /api/v1/cars HTTP/1.1" 200 535 "-" "PostmanRuntime/7.26.10"
::1 - - [23/Jan/2021:09:34:31 +0000] "GET /api/v1/cars HTTP/1.1" 200 535 "-" "PostmanRuntime/7.26.10"
::1 - - [23/Jan/2021:09:34:56 +0000] "GET /api/v1/cars HTTP/1.1" 200 535 "-" "PostmanRuntime/7.26.10"
::1 - - [23/Jan/2021:09:34:57 +0000] "GET /api/v1/cars HTTP/1.1" 200 535 "-" "PostmanRuntime/7.26.10"
::1 - - [23/Jan/2021:09:35:06 +0000] "GET /api/v1/cars/24 HTTP/1.1" 200 54 "-" "PostmanRuntime/7.26.10"
::1 - - [23/Jan/2021:09:35:47 +0000] "GET /api/v1/cars HTTP/1.1" 200 535 "-" "PostmanRuntime/7.26.10"
::1 - - [23/Jan/2021:09:35:47 +0000] "GET /api/v1/cars HTTP/1.1" 200 535 "-" "PostmanRuntime/7.26.10"
::1 - - [23/Jan/2021:09:35:48 +0000] "GET /api/v1/cars HTTP/1.1" 200 535 "-" "PostmanRuntime/7.26.10"
::1 - - [23/Jan/2021:09:37:15 +0000] "POST /api/v1/users/login HTTP/1.1" 200 253 "-" "PostmanRuntime/7.26.10"
::1 - - [23/Jan/2021:09:37:31 +0000] "GET /api/v1/cars HTTP/1.1" 200 535 "-" "PostmanRuntime/7.26.10"
::1 - - [23/Jan/2021:09:37:33 +0000] "GET /api/v1/cars HTTP/1.1" 200 535 "-" "PostmanRuntime/7.26.10"
::1 - - [23/Jan/2021:09:37:40 +0000] "GET /api/v1/cars HTTP/1.1" 200 535 "-" "PostmanRuntime/7.26.10"
::1 - - [23/Jan/2021:09:37:41 +0000] "GET /api/v1/cars HTTP/1.1" 200 535 "-" "PostmanRuntime/7.26.10"
::1 - - [23/Jan/2021:09:38:17 +0000] "GET /api/v1/cars HTTP/1.1" 200 535 "-" "PostmanRuntime/7.26.10"
::1 - - [23/Jan/2021:09:38:18 +0000] "GET /api/v1/cars HTTP/1.1" 200 535 "-" "PostmanRuntime/7.26.10"
::1 - - [23/Jan/2021:09:38:21 +0000] "POST /api/v1/users/login HTTP/1.1" 200 253 "-" "PostmanRuntime/7.26.10"
::1 - - [23/Jan/2021:09:38:36 +0000] "GET /api/v1/cars HTTP/1.1" 200 535 "-" "PostmanRuntime/7.26.10"
::1 - - [23/Jan/2021:09:38:37 +0000] "GET /api/v1/cars HTTP/1.1" 200 535 "-" "PostmanRuntime/7.26.10"
::1 - - [23/Jan/2021:09:38:38 +0000] "GET /api/v1/cars HTTP/1.1" 200 535 "-" "PostmanRuntime/7.26.10"
::1 - - [23/Jan/2021:09:38:39 +0000] "GET /api/v1/cars HTTP/1.1" 200 535 "-" "PostmanRuntime/7.26.10"
::1 - - [23/Jan/2021:09:38:40 +0000] "GET /api/v1/cars HTTP/1.1" 200 535 "-" "PostmanRuntime/7.26.10"
::1 - - [23/Jan/2021:09:38:40 +0000] "GET /api/v1/cars HTTP/1.1" 200 535 "-" "PostmanRuntime/7.26.10"
::1 - - [23/Jan/2021:09:38:42 +0000] "GET /api/v1/cars/24 HTTP/1.1" 401 11 "-" "PostmanRuntime/7.26.10"
::1 - - [23/Jan/2021:09:38:44 +0000] "GET /api/v1/cars HTTP/1.1" 200 535 "-" "PostmanRuntime/7.26.10"
::1 - - [23/Jan/2021:09:38:45 +0000] "GET /api/v1/cars HTTP/1.1" 200 535 "-" "PostmanRuntime/7.26.10"
::1 - - [23/Jan/2021:09:38:46 +0000] "GET /api/v1/cars HTTP/1.1" 200 535 "-" "PostmanRuntime/7.26.10"
::1 - - [23/Jan/2021:09:38:47 +0000] "GET /api/v1/cars HTTP/1.1" 200 535 "-" "PostmanRuntime/7.26.10"
::1 - - [23/Jan/2021:09:39:08 +0000] "GET /api/v1/cars/24 HTTP/1.1" 401 11 "-" "PostmanRuntime/7.26.10"
::1 - - [23/Jan/2021:09:39:11 +0000] "GET /api/v1/cars HTTP/1.1" 200 535 "-" "PostmanRuntime/7.26.10"
::1 - - [23/Jan/2021:09:39:12 +0000] "GET /api/v1/cars HTTP/1.1" 200 535 "-" "PostmanRuntime/7.26.10"
::1 - - [23/Jan/2021:09:39:22 +0000] "POST /api/v1/users/login HTTP/1.1" 200 253 "-" "PostmanRuntime/7.26.10"
::1 - - [23/Jan/2021:09:39:23 +0000] "GET /api/v1/cars/24 HTTP/1.1" 200 54 "-" "PostmanRuntime/7.26.10"
::1 - - [23/Jan/2021:09:40:13 +0000] "GET /api/v1/cars/24 HTTP/1.1" 401 11 "-" "PostmanRuntime/7.26.10"
::1 - - [23/Jan/2021:09:40:16 +0000] "POST /api/v1/users/login HTTP/1.1" 200 253 "-" "PostmanRuntime/7.26.10"
::1 - - [23/Jan/2021:09:40:17 +0000] "GET /api/v1/cars/24 HTTP/1.1" 200 54 "-" "PostmanRuntime/7.26.10"
::1 - - [23/Jan/2021:09:40:39 +0000] "POST /api/v1/users/login HTTP/1.1" 200 253 "-" "PostmanRuntime/7.26.10"
::1 - - [23/Jan/2021:09:40:42 +0000] "GET /api/v1/users/logout HTTP/1.1" 404 158 "-" "PostmanRuntime/7.26.10"
::1 - - [23/Jan/2021:09:40:44 +0000] "GET /api/v1/cars/24 HTTP/1.1" 401 13 "-" "PostmanRuntime/7.26.10"
::1 - - [23/Jan/2021:09:40:49 +0000] "POST /api/v1/users/login HTTP/1.1" 200 253 "-" "PostmanRuntime/7.26.10"
::1 - - [23/Jan/2021:09:40:51 +0000] "GET /api/v1/cars/24 HTTP/1.1" 200 54 "-" "PostmanRuntime/7.26.10"
::1 - - [23/Jan/2021:09:48:16 +0000] "GET /api/v1/users/logout HTTP/1.1" 404 158 "-" "PostmanRuntime/7.26.10"
::1 - - [23/Jan/2021:09:48:19 +0000] "GET /api/v1/cars/24 HTTP/1.1" 200 54 "-" "PostmanRuntime/7.26.10"
::1 - - [23/Jan/2021:09:48:20 +0000] "GET /api/v1/cars/24 HTTP/1.1" 200 54 "-" "PostmanRuntime/7.26.10"
::1 - - [23/Jan/2021:09:48:25 +0000] "POST /api/v1/users/login HTTP/1.1" 200 253 "-" "PostmanRuntime/7.26.10"
::1 - - [23/Jan/2021:09:48:27 +0000] "GET /api/v1/cars HTTP/1.1" 200 535 "-" "PostmanRuntime/7.26.10"
::1 - - [23/Jan/2021:09:48:29 +0000] "GET /api/v1/cars/24 HTTP/1.1" 200 54 "-" "PostmanRuntime/7.26.10"
::1 - - [23/Jan/2021:09:49:23 +0000] "POST /api/v1/users/login HTTP/1.1" 200 253 "-" "PostmanRuntime/7.26.10"
::1 - - [23/Jan/2021:09:50:55 +0000] "POST /api/v1/cars/ HTTP/1.1" 201 67 "-" "PostmanRuntime/7.26.10"
::1 - - [23/Jan/2021:09:56:14 +0000] "POST /api/v1/cars/ HTTP/1.1" 201 79 "-" "PostmanRuntime/7.26.10"
::1 - - [23/Jan/2021:09:57:01 +0000] "POST /api/v1/users/register HTTP/1.1" 409 46 "-" "PostmanRuntime/7.26.10"
::1 - - [23/Jan/2021:09:57:04 +0000] "POST /api/v1/users/register HTTP/1.1" 409 46 "-" "PostmanRuntime/7.26.10"
::1 - - [23/Jan/2021:09:57:33 +0000] "POST /api/v1/users/register HTTP/1.1" 201 68 "-" "PostmanRuntime/7.26.10"
::1 - - [23/Jan/2021:09:57:39 +0000] "POST /api/v1/users/login HTTP/1.1" 200 251 "-" "PostmanRuntime/7.26.10"
::1 - - [23/Jan/2021:09:57:44 +0000] "GET /api/v1/cars/24 HTTP/1.1" 200 54 "-" "PostmanRuntime/7.26.10"
::1 - - [23/Jan/2021:09:57:51 +0000] "POST /api/v1/cars/ HTTP/1.1" 409 51 "-" "PostmanRuntime/7.26.10"
::1 - - [23/Jan/2021:09:57:55 +0000] "POST /api/v1/cars/ HTTP/1.1" 400 77 "-" "PostmanRuntime/7.26.10"
::1 - - [23/Jan/2021:09:58:02 +0000] "POST /api/v1/cars/ HTTP/1.1" 201 72 "-" "PostmanRuntime/7.26.10"
::1 - - [23/Jan/2021:09:58:03 +0000] "POST /api/v1/cars/ HTTP/1.1" 409 51 "-" "PostmanRuntime/7.26.10"
::1 - - [23/Jan/2021:09:58:11 +0000] "POST /api/v1/cars/ HTTP/1.1" 201 60 "-" "PostmanRuntime/7.26.10"
::1 - - [23/Jan/2021:09:58:52 +0000] "POST /api/v1/users/login HTTP/1.1" 200 251 "-" "PostmanRuntime/7.26.10"
::1 - - [23/Jan/2021:09:58:57 +0000] "POST /api/v1/cars/ HTTP/1.1" 201 50 "-" "PostmanRuntime/7.26.10"
::1 - - [23/Jan/2021:09:59:17 +0000] "POST /api/v1/cars/ HTTP/1.1" 201 50 "-" "PostmanRuntime/7.26.10"
::1 - - [23/Jan/2021:10:00:05 +0000] "POST /api/v1/cars/ HTTP/1.1" 201 50 "-" "PostmanRuntime/7.26.10"
::1 - - [23/Jan/2021:10:00:41 +0000] "POST /api/v1/cars/ HTTP/1.1" 401 55 "-" "PostmanRuntime/7.26.10"
::1 - - [23/Jan/2021:11:51:12 +0000] "GET /api/v1/cars/25 HTTP/1.1" 200 51 "-" "PostmanRuntime/7.26.10"
::1 - - [23/Jan/2021:11:51:48 +0000] "POST /api/v1/reviews HTTP/1.1" 401 11 "-" "PostmanRuntime/7.26.10"
::1 - - [23/Jan/2021:11:51:58 +0000] "POST /api/v1/users/login HTTP/1.1" 200 251 "-" "PostmanRuntime/7.26.10"
::1 - - [23/Jan/2021:11:52:01 +0000] "POST /api/v1/reviews HTTP/1.1" 500 39 "-" "PostmanRuntime/7.26.10"
::1 - - [23/Jan/2021:11:52:48 +0000] "POST /api/v1/reviews HTTP/1.1" 200 64 "-" "PostmanRuntime/7.26.10"
::1 - - [25/Jan/2021:17:21:29 +0000] "POST /api/v1/users/login HTTP/1.1" 500 57 "-" "PostmanRuntime/7.26.10"
::1 - - [25/Jan/2021:20:00:41 +0000] "POST /api/v1/users/register HTTP/1.1" 201 71 "-" "PostmanRuntime/7.26.10"
